<?xml version="1.0" encoding="UTF-8"?>
<!-- Generated by org.testng.reporters.JUnitReportReporter -->
<testsuite hostname="DESKTOP-GO5J5M6" failures="0" tests="3" name="appium.AppiumLaunch" time="70.400" errors="0" timestamp="2023-11-14T14:19:44 CST" skipped="0">
  <testcase classname="appium.AppiumLaunch" name="enterDevice" time="23.004"/>
  <system-out/>
  <testcase classname="appium.AppiumLaunch" name="enterDevice" time="23.177"/>
  <system-out/>
  <testcase classname="appium.AppiumLaunch" name="enterDevice" time="24.219"/>
  <system-out/>
</testsuite> <!-- appium.AppiumLaunch -->
