<?xml version="1.0" encoding="UTF-8"?>
<!-- Generated by org.testng.reporters.JUnitReportReporter -->
<testsuite hostname="DESKTOP-GO5J5M6" failures="0" tests="3" name="com.browserstack.FirstTest" time="187.446" errors="0" timestamp="2023-11-09T15:56:21 CST" skipped="0">
  <testcase classname="com.browserstack.FirstTest" name="test" time="65.270"/>
  <system-out/>
  <testcase classname="com.browserstack.FirstTest" name="test" time="70.539"/>
  <system-out/>
  <testcase classname="com.browserstack.FirstTest" name="test" time="51.637"/>
  <system-out/>
</testsuite> <!-- com.browserstack.FirstTest -->
