<?xml version="1.0" encoding="UTF-8"?>
<!-- Generated by org.testng.reporters.JUnitReportReporter -->
<testsuite hostname="DESKTOP-GO5J5M6" failures="0" tests="3" name="appium.AppiumLaunch" time="78.495" errors="0" timestamp="2023-11-14T12:22:30 CST" skipped="0">
  <testcase classname="appium.AppiumLaunch" name="enterDevice" time="26.915"/>
  <system-out/>
  <testcase classname="appium.AppiumLaunch" name="enterDevice" time="26.162"/>
  <system-out/>
  <testcase classname="appium.AppiumLaunch" name="enterDevice" time="25.418"/>
  <system-out/>
</testsuite> <!-- appium.AppiumLaunch -->
