<?xml version="1.0" encoding="UTF-8"?>
<!-- Generated by org.testng.reporters.JUnitReportReporter -->
<testsuite hostname="DESKTOP-GO5J5M6" failures="0" tests="18" name="com.browserstack.FirstTest" time="13.344" errors="12" timestamp="2023-11-14T11:06:05 CST" skipped="6">
  <testcase classname="com.browserstack.FirstTest" name="setUp" time="2.639">
    <error message="Could not start a new session. Response code 401. Message: Invalid username or password 
Host info: host: &#039;DESKTOP-GO5J5M6&#039;, ip: &#039;192.168.0.32&#039;
Build info: version: &#039;4.13.0&#039;, revision: &#039;ba948ece5b*&#039;
System info: os.name: &#039;Windows 10&#039;, os.arch: &#039;amd64&#039;, os.version: &#039;10.0&#039;, java.version: &#039;17.0.9&#039;
Driver info: io.appium.java_client.android.AndroidDriver
Command: [null, newSession {capabilities=[{appium:device=Samsung Galaxy S8, platformName=ANDROID}], desiredCapabilities=Capabilities {device: Samsung Galaxy S8, platformName: ANDROID}}]
Capabilities {device: Samsung Galaxy S8, platformName: ANDROID}" type="org.openqa.selenium.SessionNotCreatedException">
      <![CDATA[org.openqa.selenium.SessionNotCreatedException: Could not start a new session. Response code 401. Message: Invalid username or password 
Host info: host: 'DESKTOP-GO5J5M6', ip: '192.168.0.32'
Build info: version: '4.13.0', revision: 'ba948ece5b*'
System info: os.name: 'Windows 10', os.arch: 'amd64', os.version: '10.0', java.version: '17.0.9'
Driver info: io.appium.java_client.android.AndroidDriver
Command: [null, newSession {capabilities=[{appium:device=Samsung Galaxy S8, platformName=ANDROID}], desiredCapabilities=Capabilities {device: Samsung Galaxy S8, platformName: ANDROID}}]
Capabilities {device: Samsung Galaxy S8, platformName: ANDROID}
at org.openqa.selenium.remote.ProtocolHandshake.createSession(ProtocolHandshake.java:140)
at java.base/jdk.internal.reflect.NativeMethodAccessorImpl.invoke0(Native Method)
at java.base/jdk.internal.reflect.NativeMethodAccessorImpl.invoke(NativeMethodAccessorImpl.java:77)
at java.base/jdk.internal.reflect.DelegatingMethodAccessorImpl.invoke(DelegatingMethodAccessorImpl.java:43)
at java.base/java.lang.reflect.Method.invoke(Method.java:568)
at io.appium.java_client.remote.AppiumProtocolHandshake.createSession(AppiumProtocolHandshake.java:133)
at io.appium.java_client.remote.AppiumProtocolHandshake.createSession(AppiumProtocolHandshake.java:102)
at io.appium.java_client.remote.AppiumCommandExecutor.createSession(AppiumCommandExecutor.java:194)
at io.appium.java_client.remote.AppiumCommandExecutor.execute(AppiumCommandExecutor.java:262)
at org.openqa.selenium.remote.RemoteWebDriver.execute(RemoteWebDriver.java:602)
at io.appium.java_client.AppiumDriver.startSession(AppiumDriver.java:229)
at org.openqa.selenium.remote.RemoteWebDriver.<init>(RemoteWebDriver.java:163)
at io.appium.java_client.AppiumDriver.<init>(AppiumDriver.java:80)
at io.appium.java_client.AppiumDriver.<init>(AppiumDriver.java:92)
at io.appium.java_client.android.AndroidDriver.<init>(AndroidDriver.java:117)
at com.browserstack.AppiumTest.setUp(AppiumTest.java:52)
at java.base/jdk.internal.reflect.NativeMethodAccessorImpl.invoke0(Native Method)
at java.base/jdk.internal.reflect.NativeMethodAccessorImpl.invoke(NativeMethodAccessorImpl.java:77)
at java.base/jdk.internal.reflect.DelegatingMethodAccessorImpl.invoke(DelegatingMethodAccessorImpl.java:43)
at java.base/java.lang.reflect.Method.invoke(Method.java:568)
at org.testng.internal.invokers.MethodInvocationHelper.invokeMethod(MethodInvocationHelper.java:135)
at org.testng.internal.invokers.MethodInvocationHelper.invokeMethodConsideringTimeout(MethodInvocationHelper.java:65)
at org.testng.internal.invokers.ConfigInvoker.invokeConfigurationMethod(ConfigInvoker.java:381)
at org.testng.internal.invokers.ConfigInvoker.invokeConfigurations(ConfigInvoker.java:319)
at org.testng.internal.invokers.TestInvoker.runConfigMethods(TestInvoker.java:803)
at org.testng.internal.invokers.TestInvoker.invokeMethod(TestInvoker.java:589)
at org.testng.internal.invokers.TestInvoker.invokeTestMethod(TestInvoker.java:220)
at org.testng.internal.invokers.MethodRunner.runInSequence(MethodRunner.java:50)
at org.testng.internal.invokers.TestInvoker$MethodInvocationAgent.invoke(TestInvoker.java:945)
at org.testng.internal.invokers.TestInvoker.invokeTestMethods(TestInvoker.java:193)
at org.testng.internal.invokers.TestMethodWorker.invokeTestMethods(TestMethodWorker.java:146)
at org.testng.internal.invokers.TestMethodWorker.run(TestMethodWorker.java:128)
at java.base/java.util.concurrent.ThreadPoolExecutor.runWorker(ThreadPoolExecutor.java:1136)
at java.base/java.util.concurrent.ThreadPoolExecutor$Worker.run(ThreadPoolExecutor.java:635)
at java.base/java.lang.Thread.run(Thread.java:842)
]]>
    </error>
  </testcase> <!-- setUp -->
  <system-out/>
  <testcase classname="com.browserstack.FirstTest" name="navigateTest" time="0.000">
    <skipped/>
  </testcase> <!-- navigateTest -->
  <system-out/>
  <testcase classname="com.browserstack.FirstTest" name="setUp" time="1.765">
    <error message="Could not start a new session. Response code 401. Message: Invalid username or password 
Host info: host: &#039;DESKTOP-GO5J5M6&#039;, ip: &#039;192.168.0.32&#039;
Build info: version: &#039;4.13.0&#039;, revision: &#039;ba948ece5b*&#039;
System info: os.name: &#039;Windows 10&#039;, os.arch: &#039;amd64&#039;, os.version: &#039;10.0&#039;, java.version: &#039;17.0.9&#039;
Driver info: io.appium.java_client.android.AndroidDriver
Command: [null, newSession {capabilities=[{appium:device=Samsung Galaxy S8, platformName=ANDROID}], desiredCapabilities=Capabilities {device: Samsung Galaxy S8, platformName: ANDROID}}]
Capabilities {device: Samsung Galaxy S8, platformName: ANDROID}" type="org.openqa.selenium.SessionNotCreatedException">
      <![CDATA[org.openqa.selenium.SessionNotCreatedException: Could not start a new session. Response code 401. Message: Invalid username or password 
Host info: host: 'DESKTOP-GO5J5M6', ip: '192.168.0.32'
Build info: version: '4.13.0', revision: 'ba948ece5b*'
System info: os.name: 'Windows 10', os.arch: 'amd64', os.version: '10.0', java.version: '17.0.9'
Driver info: io.appium.java_client.android.AndroidDriver
Command: [null, newSession {capabilities=[{appium:device=Samsung Galaxy S8, platformName=ANDROID}], desiredCapabilities=Capabilities {device: Samsung Galaxy S8, platformName: ANDROID}}]
Capabilities {device: Samsung Galaxy S8, platformName: ANDROID}
at org.openqa.selenium.remote.ProtocolHandshake.createSession(ProtocolHandshake.java:140)
at java.base/jdk.internal.reflect.NativeMethodAccessorImpl.invoke0(Native Method)
at java.base/jdk.internal.reflect.NativeMethodAccessorImpl.invoke(NativeMethodAccessorImpl.java:77)
at java.base/jdk.internal.reflect.DelegatingMethodAccessorImpl.invoke(DelegatingMethodAccessorImpl.java:43)
at java.base/java.lang.reflect.Method.invoke(Method.java:568)
at io.appium.java_client.remote.AppiumProtocolHandshake.createSession(AppiumProtocolHandshake.java:133)
at io.appium.java_client.remote.AppiumProtocolHandshake.createSession(AppiumProtocolHandshake.java:102)
at io.appium.java_client.remote.AppiumCommandExecutor.createSession(AppiumCommandExecutor.java:194)
at io.appium.java_client.remote.AppiumCommandExecutor.execute(AppiumCommandExecutor.java:262)
at org.openqa.selenium.remote.RemoteWebDriver.execute(RemoteWebDriver.java:602)
at io.appium.java_client.AppiumDriver.startSession(AppiumDriver.java:229)
at org.openqa.selenium.remote.RemoteWebDriver.<init>(RemoteWebDriver.java:163)
at io.appium.java_client.AppiumDriver.<init>(AppiumDriver.java:80)
at io.appium.java_client.AppiumDriver.<init>(AppiumDriver.java:92)
at io.appium.java_client.android.AndroidDriver.<init>(AndroidDriver.java:117)
at com.browserstack.AppiumTest.setUp(AppiumTest.java:52)
at java.base/jdk.internal.reflect.NativeMethodAccessorImpl.invoke0(Native Method)
at java.base/jdk.internal.reflect.NativeMethodAccessorImpl.invoke(NativeMethodAccessorImpl.java:77)
at java.base/jdk.internal.reflect.DelegatingMethodAccessorImpl.invoke(DelegatingMethodAccessorImpl.java:43)
at java.base/java.lang.reflect.Method.invoke(Method.java:568)
at org.testng.internal.invokers.MethodInvocationHelper.invokeMethod(MethodInvocationHelper.java:135)
at org.testng.internal.invokers.MethodInvocationHelper.invokeMethodConsideringTimeout(MethodInvocationHelper.java:65)
at org.testng.internal.invokers.ConfigInvoker.invokeConfigurationMethod(ConfigInvoker.java:381)
at org.testng.internal.invokers.ConfigInvoker.invokeConfigurations(ConfigInvoker.java:319)
at org.testng.internal.invokers.TestInvoker.runConfigMethods(TestInvoker.java:803)
at org.testng.internal.invokers.TestInvoker.invokeMethod(TestInvoker.java:589)
at org.testng.internal.invokers.TestInvoker.invokeTestMethod(TestInvoker.java:220)
at org.testng.internal.invokers.MethodRunner.runInSequence(MethodRunner.java:50)
at org.testng.internal.invokers.TestInvoker$MethodInvocationAgent.invoke(TestInvoker.java:945)
at org.testng.internal.invokers.TestInvoker.invokeTestMethods(TestInvoker.java:193)
at org.testng.internal.invokers.TestMethodWorker.invokeTestMethods(TestMethodWorker.java:146)
at org.testng.internal.invokers.TestMethodWorker.run(TestMethodWorker.java:128)
at java.base/java.util.concurrent.ThreadPoolExecutor.runWorker(ThreadPoolExecutor.java:1136)
at java.base/java.util.concurrent.ThreadPoolExecutor$Worker.run(ThreadPoolExecutor.java:635)
at java.base/java.lang.Thread.run(Thread.java:842)
]]>
    </error>
  </testcase> <!-- setUp -->
  <system-out/>
  <testcase classname="com.browserstack.FirstTest" name="testA" time="0.001">
    <skipped/>
  </testcase> <!-- testA -->
  <system-out/>
  <testcase classname="com.browserstack.FirstTest" name="setUp" time="2.639">
    <error message="Could not start a new session. Response code 401. Message: Invalid username or password 
Host info: host: &#039;DESKTOP-GO5J5M6&#039;, ip: &#039;192.168.0.32&#039;
Build info: version: &#039;4.13.0&#039;, revision: &#039;ba948ece5b*&#039;
System info: os.name: &#039;Windows 10&#039;, os.arch: &#039;amd64&#039;, os.version: &#039;10.0&#039;, java.version: &#039;17.0.9&#039;
Driver info: io.appium.java_client.android.AndroidDriver
Command: [null, newSession {capabilities=[{appium:device=Samsung Galaxy S8, platformName=ANDROID}], desiredCapabilities=Capabilities {device: Samsung Galaxy S8, platformName: ANDROID}}]
Capabilities {device: Samsung Galaxy S8, platformName: ANDROID}" type="org.openqa.selenium.SessionNotCreatedException">
      <![CDATA[org.openqa.selenium.SessionNotCreatedException: Could not start a new session. Response code 401. Message: Invalid username or password 
Host info: host: 'DESKTOP-GO5J5M6', ip: '192.168.0.32'
Build info: version: '4.13.0', revision: 'ba948ece5b*'
System info: os.name: 'Windows 10', os.arch: 'amd64', os.version: '10.0', java.version: '17.0.9'
Driver info: io.appium.java_client.android.AndroidDriver
Command: [null, newSession {capabilities=[{appium:device=Samsung Galaxy S8, platformName=ANDROID}], desiredCapabilities=Capabilities {device: Samsung Galaxy S8, platformName: ANDROID}}]
Capabilities {device: Samsung Galaxy S8, platformName: ANDROID}
at org.openqa.selenium.remote.ProtocolHandshake.createSession(ProtocolHandshake.java:140)
at java.base/jdk.internal.reflect.NativeMethodAccessorImpl.invoke0(Native Method)
at java.base/jdk.internal.reflect.NativeMethodAccessorImpl.invoke(NativeMethodAccessorImpl.java:77)
at java.base/jdk.internal.reflect.DelegatingMethodAccessorImpl.invoke(DelegatingMethodAccessorImpl.java:43)
at java.base/java.lang.reflect.Method.invoke(Method.java:568)
at io.appium.java_client.remote.AppiumProtocolHandshake.createSession(AppiumProtocolHandshake.java:133)
at io.appium.java_client.remote.AppiumProtocolHandshake.createSession(AppiumProtocolHandshake.java:102)
at io.appium.java_client.remote.AppiumCommandExecutor.createSession(AppiumCommandExecutor.java:194)
at io.appium.java_client.remote.AppiumCommandExecutor.execute(AppiumCommandExecutor.java:262)
at org.openqa.selenium.remote.RemoteWebDriver.execute(RemoteWebDriver.java:602)
at io.appium.java_client.AppiumDriver.startSession(AppiumDriver.java:229)
at org.openqa.selenium.remote.RemoteWebDriver.<init>(RemoteWebDriver.java:163)
at io.appium.java_client.AppiumDriver.<init>(AppiumDriver.java:80)
at io.appium.java_client.AppiumDriver.<init>(AppiumDriver.java:92)
at io.appium.java_client.android.AndroidDriver.<init>(AndroidDriver.java:117)
at com.browserstack.AppiumTest.setUp(AppiumTest.java:52)
at java.base/jdk.internal.reflect.NativeMethodAccessorImpl.invoke0(Native Method)
at java.base/jdk.internal.reflect.NativeMethodAccessorImpl.invoke(NativeMethodAccessorImpl.java:77)
at java.base/jdk.internal.reflect.DelegatingMethodAccessorImpl.invoke(DelegatingMethodAccessorImpl.java:43)
at java.base/java.lang.reflect.Method.invoke(Method.java:568)
at org.testng.internal.invokers.MethodInvocationHelper.invokeMethod(MethodInvocationHelper.java:135)
at org.testng.internal.invokers.MethodInvocationHelper.invokeMethodConsideringTimeout(MethodInvocationHelper.java:65)
at org.testng.internal.invokers.ConfigInvoker.invokeConfigurationMethod(ConfigInvoker.java:381)
at org.testng.internal.invokers.ConfigInvoker.invokeConfigurations(ConfigInvoker.java:319)
at org.testng.internal.invokers.TestInvoker.runConfigMethods(TestInvoker.java:803)
at org.testng.internal.invokers.TestInvoker.invokeMethod(TestInvoker.java:589)
at org.testng.internal.invokers.TestInvoker.invokeTestMethod(TestInvoker.java:220)
at org.testng.internal.invokers.MethodRunner.runInSequence(MethodRunner.java:50)
at org.testng.internal.invokers.TestInvoker$MethodInvocationAgent.invoke(TestInvoker.java:945)
at org.testng.internal.invokers.TestInvoker.invokeTestMethods(TestInvoker.java:193)
at org.testng.internal.invokers.TestMethodWorker.invokeTestMethods(TestMethodWorker.java:146)
at org.testng.internal.invokers.TestMethodWorker.run(TestMethodWorker.java:128)
at java.base/java.util.concurrent.ThreadPoolExecutor.runWorker(ThreadPoolExecutor.java:1136)
at java.base/java.util.concurrent.ThreadPoolExecutor$Worker.run(ThreadPoolExecutor.java:635)
at java.base/java.lang.Thread.run(Thread.java:842)
]]>
    </error>
  </testcase> <!-- setUp -->
  <system-out/>
  <testcase classname="com.browserstack.FirstTest" name="setUp" time="1.768">
    <error message="Could not start a new session. Response code 401. Message: Invalid username or password 
Host info: host: &#039;DESKTOP-GO5J5M6&#039;, ip: &#039;192.168.0.32&#039;
Build info: version: &#039;4.13.0&#039;, revision: &#039;ba948ece5b*&#039;
System info: os.name: &#039;Windows 10&#039;, os.arch: &#039;amd64&#039;, os.version: &#039;10.0&#039;, java.version: &#039;17.0.9&#039;
Driver info: io.appium.java_client.android.AndroidDriver
Command: [null, newSession {capabilities=[{appium:device=Samsung Galaxy S8, platformName=ANDROID}], desiredCapabilities=Capabilities {device: Samsung Galaxy S8, platformName: ANDROID}}]
Capabilities {device: Samsung Galaxy S8, platformName: ANDROID}" type="org.openqa.selenium.SessionNotCreatedException">
      <![CDATA[org.openqa.selenium.SessionNotCreatedException: Could not start a new session. Response code 401. Message: Invalid username or password 
Host info: host: 'DESKTOP-GO5J5M6', ip: '192.168.0.32'
Build info: version: '4.13.0', revision: 'ba948ece5b*'
System info: os.name: 'Windows 10', os.arch: 'amd64', os.version: '10.0', java.version: '17.0.9'
Driver info: io.appium.java_client.android.AndroidDriver
Command: [null, newSession {capabilities=[{appium:device=Samsung Galaxy S8, platformName=ANDROID}], desiredCapabilities=Capabilities {device: Samsung Galaxy S8, platformName: ANDROID}}]
Capabilities {device: Samsung Galaxy S8, platformName: ANDROID}
at org.openqa.selenium.remote.ProtocolHandshake.createSession(ProtocolHandshake.java:140)
at java.base/jdk.internal.reflect.NativeMethodAccessorImpl.invoke0(Native Method)
at java.base/jdk.internal.reflect.NativeMethodAccessorImpl.invoke(NativeMethodAccessorImpl.java:77)
at java.base/jdk.internal.reflect.DelegatingMethodAccessorImpl.invoke(DelegatingMethodAccessorImpl.java:43)
at java.base/java.lang.reflect.Method.invoke(Method.java:568)
at io.appium.java_client.remote.AppiumProtocolHandshake.createSession(AppiumProtocolHandshake.java:133)
at io.appium.java_client.remote.AppiumProtocolHandshake.createSession(AppiumProtocolHandshake.java:102)
at io.appium.java_client.remote.AppiumCommandExecutor.createSession(AppiumCommandExecutor.java:194)
at io.appium.java_client.remote.AppiumCommandExecutor.execute(AppiumCommandExecutor.java:262)
at org.openqa.selenium.remote.RemoteWebDriver.execute(RemoteWebDriver.java:602)
at io.appium.java_client.AppiumDriver.startSession(AppiumDriver.java:229)
at org.openqa.selenium.remote.RemoteWebDriver.<init>(RemoteWebDriver.java:163)
at io.appium.java_client.AppiumDriver.<init>(AppiumDriver.java:80)
at io.appium.java_client.AppiumDriver.<init>(AppiumDriver.java:92)
at io.appium.java_client.android.AndroidDriver.<init>(AndroidDriver.java:117)
at com.browserstack.AppiumTest.setUp(AppiumTest.java:52)
at java.base/jdk.internal.reflect.NativeMethodAccessorImpl.invoke0(Native Method)
at java.base/jdk.internal.reflect.NativeMethodAccessorImpl.invoke(NativeMethodAccessorImpl.java:77)
at java.base/jdk.internal.reflect.DelegatingMethodAccessorImpl.invoke(DelegatingMethodAccessorImpl.java:43)
at java.base/java.lang.reflect.Method.invoke(Method.java:568)
at org.testng.internal.invokers.MethodInvocationHelper.invokeMethod(MethodInvocationHelper.java:135)
at org.testng.internal.invokers.MethodInvocationHelper.invokeMethodConsideringTimeout(MethodInvocationHelper.java:65)
at org.testng.internal.invokers.ConfigInvoker.invokeConfigurationMethod(ConfigInvoker.java:381)
at org.testng.internal.invokers.ConfigInvoker.invokeConfigurations(ConfigInvoker.java:319)
at org.testng.internal.invokers.TestInvoker.runConfigMethods(TestInvoker.java:803)
at org.testng.internal.invokers.TestInvoker.invokeMethod(TestInvoker.java:589)
at org.testng.internal.invokers.TestInvoker.invokeTestMethod(TestInvoker.java:220)
at org.testng.internal.invokers.MethodRunner.runInSequence(MethodRunner.java:50)
at org.testng.internal.invokers.TestInvoker$MethodInvocationAgent.invoke(TestInvoker.java:945)
at org.testng.internal.invokers.TestInvoker.invokeTestMethods(TestInvoker.java:193)
at org.testng.internal.invokers.TestMethodWorker.invokeTestMethods(TestMethodWorker.java:146)
at org.testng.internal.invokers.TestMethodWorker.run(TestMethodWorker.java:128)
at java.base/java.util.concurrent.ThreadPoolExecutor.runWorker(ThreadPoolExecutor.java:1136)
at java.base/java.util.concurrent.ThreadPoolExecutor$Worker.run(ThreadPoolExecutor.java:635)
at java.base/java.lang.Thread.run(Thread.java:842)
]]>
    </error>
  </testcase> <!-- setUp -->
  <system-out/>
  <testcase classname="com.browserstack.FirstTest" name="tearDown" time="0.017">
    <error message="Cannot invoke &quot;io.appium.java_client.android.AndroidDriver.quit()&quot; because &quot;this.driver&quot; is null" type="java.lang.NullPointerException">
      <![CDATA[java.lang.NullPointerException: Cannot invoke "io.appium.java_client.android.AndroidDriver.quit()" because "this.driver" is null
at com.browserstack.AppiumTest.tearDown(AppiumTest.java:68)
at java.base/jdk.internal.reflect.NativeMethodAccessorImpl.invoke0(Native Method)
at java.base/jdk.internal.reflect.NativeMethodAccessorImpl.invoke(NativeMethodAccessorImpl.java:77)
at java.base/jdk.internal.reflect.DelegatingMethodAccessorImpl.invoke(DelegatingMethodAccessorImpl.java:43)
at java.base/java.lang.reflect.Method.invoke(Method.java:568)
at org.testng.internal.invokers.MethodInvocationHelper.invokeMethod(MethodInvocationHelper.java:135)
at org.testng.internal.invokers.MethodInvocationHelper.invokeMethodConsideringTimeout(MethodInvocationHelper.java:65)
at org.testng.internal.invokers.ConfigInvoker.invokeConfigurationMethod(ConfigInvoker.java:381)
at org.testng.internal.invokers.ConfigInvoker.invokeConfigurations(ConfigInvoker.java:319)
at org.testng.internal.invokers.TestInvoker.runConfigMethods(TestInvoker.java:803)
at org.testng.internal.invokers.TestInvoker.runAfterConfigurations(TestInvoker.java:772)
at org.testng.internal.invokers.TestInvoker.invokeMethod(TestInvoker.java:612)
at org.testng.internal.invokers.TestInvoker.invokeTestMethod(TestInvoker.java:220)
at org.testng.internal.invokers.MethodRunner.runInSequence(MethodRunner.java:50)
at org.testng.internal.invokers.TestInvoker$MethodInvocationAgent.invoke(TestInvoker.java:945)
at org.testng.internal.invokers.TestInvoker.invokeTestMethods(TestInvoker.java:193)
at org.testng.internal.invokers.TestMethodWorker.invokeTestMethods(TestMethodWorker.java:146)
at org.testng.internal.invokers.TestMethodWorker.run(TestMethodWorker.java:128)
at java.base/java.util.concurrent.ThreadPoolExecutor.runWorker(ThreadPoolExecutor.java:1136)
at java.base/java.util.concurrent.ThreadPoolExecutor$Worker.run(ThreadPoolExecutor.java:635)
at java.base/java.lang.Thread.run(Thread.java:842)
]]>
    </error>
  </testcase> <!-- tearDown -->
  <system-out/>
  <testcase classname="com.browserstack.FirstTest" name="navigateTest" time="0.000">
    <skipped/>
  </testcase> <!-- navigateTest -->
  <system-out/>
  <testcase classname="com.browserstack.FirstTest" name="navigateTest" time="0.000">
    <skipped/>
  </testcase> <!-- navigateTest -->
  <system-out/>
  <testcase classname="com.browserstack.FirstTest" name="tearDown" time="0.027">
    <error message="Cannot invoke &quot;io.appium.java_client.android.AndroidDriver.quit()&quot; because &quot;this.driver&quot; is null" type="java.lang.NullPointerException">
      <![CDATA[java.lang.NullPointerException: Cannot invoke "io.appium.java_client.android.AndroidDriver.quit()" because "this.driver" is null
at com.browserstack.AppiumTest.tearDown(AppiumTest.java:68)
at java.base/jdk.internal.reflect.NativeMethodAccessorImpl.invoke0(Native Method)
at java.base/jdk.internal.reflect.NativeMethodAccessorImpl.invoke(NativeMethodAccessorImpl.java:77)
at java.base/jdk.internal.reflect.DelegatingMethodAccessorImpl.invoke(DelegatingMethodAccessorImpl.java:43)
at java.base/java.lang.reflect.Method.invoke(Method.java:568)
at org.testng.internal.invokers.MethodInvocationHelper.invokeMethod(MethodInvocationHelper.java:135)
at org.testng.internal.invokers.MethodInvocationHelper.invokeMethodConsideringTimeout(MethodInvocationHelper.java:65)
at org.testng.internal.invokers.ConfigInvoker.invokeConfigurationMethod(ConfigInvoker.java:381)
at org.testng.internal.invokers.ConfigInvoker.invokeConfigurations(ConfigInvoker.java:319)
at org.testng.internal.invokers.TestInvoker.runConfigMethods(TestInvoker.java:803)
at org.testng.internal.invokers.TestInvoker.runAfterConfigurations(TestInvoker.java:772)
at org.testng.internal.invokers.TestInvoker.invokeMethod(TestInvoker.java:612)
at org.testng.internal.invokers.TestInvoker.invokeTestMethod(TestInvoker.java:220)
at org.testng.internal.invokers.MethodRunner.runInSequence(MethodRunner.java:50)
at org.testng.internal.invokers.TestInvoker$MethodInvocationAgent.invoke(TestInvoker.java:945)
at org.testng.internal.invokers.TestInvoker.invokeTestMethods(TestInvoker.java:193)
at org.testng.internal.invokers.TestMethodWorker.invokeTestMethods(TestMethodWorker.java:146)
at org.testng.internal.invokers.TestMethodWorker.run(TestMethodWorker.java:128)
at java.base/java.util.concurrent.ThreadPoolExecutor.runWorker(ThreadPoolExecutor.java:1136)
at java.base/java.util.concurrent.ThreadPoolExecutor$Worker.run(ThreadPoolExecutor.java:635)
at java.base/java.lang.Thread.run(Thread.java:842)
]]>
    </error>
  </testcase> <!-- tearDown -->
  <system-out/>
  <testcase classname="com.browserstack.FirstTest" name="tearDown" time="0.018">
    <error message="Cannot invoke &quot;io.appium.java_client.android.AndroidDriver.quit()&quot; because &quot;this.driver&quot; is null" type="java.lang.NullPointerException">
      <![CDATA[java.lang.NullPointerException: Cannot invoke "io.appium.java_client.android.AndroidDriver.quit()" because "this.driver" is null
at com.browserstack.AppiumTest.tearDown(AppiumTest.java:68)
at java.base/jdk.internal.reflect.NativeMethodAccessorImpl.invoke0(Native Method)
at java.base/jdk.internal.reflect.NativeMethodAccessorImpl.invoke(NativeMethodAccessorImpl.java:77)
at java.base/jdk.internal.reflect.DelegatingMethodAccessorImpl.invoke(DelegatingMethodAccessorImpl.java:43)
at java.base/java.lang.reflect.Method.invoke(Method.java:568)
at org.testng.internal.invokers.MethodInvocationHelper.invokeMethod(MethodInvocationHelper.java:135)
at org.testng.internal.invokers.MethodInvocationHelper.invokeMethodConsideringTimeout(MethodInvocationHelper.java:65)
at org.testng.internal.invokers.ConfigInvoker.invokeConfigurationMethod(ConfigInvoker.java:381)
at org.testng.internal.invokers.ConfigInvoker.invokeConfigurations(ConfigInvoker.java:319)
at org.testng.internal.invokers.TestInvoker.runConfigMethods(TestInvoker.java:803)
at org.testng.internal.invokers.TestInvoker.runAfterConfigurations(TestInvoker.java:772)
at org.testng.internal.invokers.TestInvoker.invokeMethod(TestInvoker.java:612)
at org.testng.internal.invokers.TestInvoker.invokeTestMethod(TestInvoker.java:220)
at org.testng.internal.invokers.MethodRunner.runInSequence(MethodRunner.java:50)
at org.testng.internal.invokers.TestInvoker$MethodInvocationAgent.invoke(TestInvoker.java:945)
at org.testng.internal.invokers.TestInvoker.invokeTestMethods(TestInvoker.java:193)
at org.testng.internal.invokers.TestMethodWorker.invokeTestMethods(TestMethodWorker.java:146)
at org.testng.internal.invokers.TestMethodWorker.run(TestMethodWorker.java:128)
at java.base/java.util.concurrent.ThreadPoolExecutor.runWorker(ThreadPoolExecutor.java:1136)
at java.base/java.util.concurrent.ThreadPoolExecutor$Worker.run(ThreadPoolExecutor.java:635)
at java.base/java.lang.Thread.run(Thread.java:842)
]]>
    </error>
  </testcase> <!-- tearDown -->
  <system-out/>
  <testcase classname="com.browserstack.FirstTest" name="tearDown" time="0.018">
    <error message="Cannot invoke &quot;io.appium.java_client.android.AndroidDriver.quit()&quot; because &quot;this.driver&quot; is null" type="java.lang.NullPointerException">
      <![CDATA[java.lang.NullPointerException: Cannot invoke "io.appium.java_client.android.AndroidDriver.quit()" because "this.driver" is null
at com.browserstack.AppiumTest.tearDown(AppiumTest.java:68)
at java.base/jdk.internal.reflect.NativeMethodAccessorImpl.invoke0(Native Method)
at java.base/jdk.internal.reflect.NativeMethodAccessorImpl.invoke(NativeMethodAccessorImpl.java:77)
at java.base/jdk.internal.reflect.DelegatingMethodAccessorImpl.invoke(DelegatingMethodAccessorImpl.java:43)
at java.base/java.lang.reflect.Method.invoke(Method.java:568)
at org.testng.internal.invokers.MethodInvocationHelper.invokeMethod(MethodInvocationHelper.java:135)
at org.testng.internal.invokers.MethodInvocationHelper.invokeMethodConsideringTimeout(MethodInvocationHelper.java:65)
at org.testng.internal.invokers.ConfigInvoker.invokeConfigurationMethod(ConfigInvoker.java:381)
at org.testng.internal.invokers.ConfigInvoker.invokeConfigurations(ConfigInvoker.java:319)
at org.testng.internal.invokers.TestInvoker.runConfigMethods(TestInvoker.java:803)
at org.testng.internal.invokers.TestInvoker.runAfterConfigurations(TestInvoker.java:772)
at org.testng.internal.invokers.TestInvoker.invokeMethod(TestInvoker.java:612)
at org.testng.internal.invokers.TestInvoker.invokeTestMethod(TestInvoker.java:220)
at org.testng.internal.invokers.MethodRunner.runInSequence(MethodRunner.java:50)
at org.testng.internal.invokers.TestInvoker$MethodInvocationAgent.invoke(TestInvoker.java:945)
at org.testng.internal.invokers.TestInvoker.invokeTestMethods(TestInvoker.java:193)
at org.testng.internal.invokers.TestMethodWorker.invokeTestMethods(TestMethodWorker.java:146)
at org.testng.internal.invokers.TestMethodWorker.run(TestMethodWorker.java:128)
at java.base/java.util.concurrent.ThreadPoolExecutor.runWorker(ThreadPoolExecutor.java:1136)
at java.base/java.util.concurrent.ThreadPoolExecutor$Worker.run(ThreadPoolExecutor.java:635)
at java.base/java.lang.Thread.run(Thread.java:842)
]]>
    </error>
  </testcase> <!-- tearDown -->
  <system-out/>
  <testcase classname="com.browserstack.FirstTest" name="testA" time="0.000">
    <skipped/>
  </testcase> <!-- testA -->
  <system-out/>
  <testcase classname="com.browserstack.FirstTest" name="setUp" time="1.772">
    <error message="Could not start a new session. Response code 401. Message: Invalid username or password 
Host info: host: &#039;DESKTOP-GO5J5M6&#039;, ip: &#039;192.168.0.32&#039;
Build info: version: &#039;4.13.0&#039;, revision: &#039;ba948ece5b*&#039;
System info: os.name: &#039;Windows 10&#039;, os.arch: &#039;amd64&#039;, os.version: &#039;10.0&#039;, java.version: &#039;17.0.9&#039;
Driver info: io.appium.java_client.android.AndroidDriver
Command: [null, newSession {capabilities=[{appium:device=Samsung Galaxy S8, platformName=ANDROID}], desiredCapabilities=Capabilities {device: Samsung Galaxy S8, platformName: ANDROID}}]
Capabilities {device: Samsung Galaxy S8, platformName: ANDROID}" type="org.openqa.selenium.SessionNotCreatedException">
      <![CDATA[org.openqa.selenium.SessionNotCreatedException: Could not start a new session. Response code 401. Message: Invalid username or password 
Host info: host: 'DESKTOP-GO5J5M6', ip: '192.168.0.32'
Build info: version: '4.13.0', revision: 'ba948ece5b*'
System info: os.name: 'Windows 10', os.arch: 'amd64', os.version: '10.0', java.version: '17.0.9'
Driver info: io.appium.java_client.android.AndroidDriver
Command: [null, newSession {capabilities=[{appium:device=Samsung Galaxy S8, platformName=ANDROID}], desiredCapabilities=Capabilities {device: Samsung Galaxy S8, platformName: ANDROID}}]
Capabilities {device: Samsung Galaxy S8, platformName: ANDROID}
at org.openqa.selenium.remote.ProtocolHandshake.createSession(ProtocolHandshake.java:140)
at java.base/jdk.internal.reflect.NativeMethodAccessorImpl.invoke0(Native Method)
at java.base/jdk.internal.reflect.NativeMethodAccessorImpl.invoke(NativeMethodAccessorImpl.java:77)
at java.base/jdk.internal.reflect.DelegatingMethodAccessorImpl.invoke(DelegatingMethodAccessorImpl.java:43)
at java.base/java.lang.reflect.Method.invoke(Method.java:568)
at io.appium.java_client.remote.AppiumProtocolHandshake.createSession(AppiumProtocolHandshake.java:133)
at io.appium.java_client.remote.AppiumProtocolHandshake.createSession(AppiumProtocolHandshake.java:102)
at io.appium.java_client.remote.AppiumCommandExecutor.createSession(AppiumCommandExecutor.java:194)
at io.appium.java_client.remote.AppiumCommandExecutor.execute(AppiumCommandExecutor.java:262)
at org.openqa.selenium.remote.RemoteWebDriver.execute(RemoteWebDriver.java:602)
at io.appium.java_client.AppiumDriver.startSession(AppiumDriver.java:229)
at org.openqa.selenium.remote.RemoteWebDriver.<init>(RemoteWebDriver.java:163)
at io.appium.java_client.AppiumDriver.<init>(AppiumDriver.java:80)
at io.appium.java_client.AppiumDriver.<init>(AppiumDriver.java:92)
at io.appium.java_client.android.AndroidDriver.<init>(AndroidDriver.java:117)
at com.browserstack.AppiumTest.setUp(AppiumTest.java:52)
at java.base/jdk.internal.reflect.NativeMethodAccessorImpl.invoke0(Native Method)
at java.base/jdk.internal.reflect.NativeMethodAccessorImpl.invoke(NativeMethodAccessorImpl.java:77)
at java.base/jdk.internal.reflect.DelegatingMethodAccessorImpl.invoke(DelegatingMethodAccessorImpl.java:43)
at java.base/java.lang.reflect.Method.invoke(Method.java:568)
at org.testng.internal.invokers.MethodInvocationHelper.invokeMethod(MethodInvocationHelper.java:135)
at org.testng.internal.invokers.MethodInvocationHelper.invokeMethodConsideringTimeout(MethodInvocationHelper.java:65)
at org.testng.internal.invokers.ConfigInvoker.invokeConfigurationMethod(ConfigInvoker.java:381)
at org.testng.internal.invokers.ConfigInvoker.invokeConfigurations(ConfigInvoker.java:319)
at org.testng.internal.invokers.TestInvoker.runConfigMethods(TestInvoker.java:803)
at org.testng.internal.invokers.TestInvoker.invokeMethod(TestInvoker.java:589)
at org.testng.internal.invokers.TestInvoker.invokeTestMethod(TestInvoker.java:220)
at org.testng.internal.invokers.MethodRunner.runInSequence(MethodRunner.java:50)
at org.testng.internal.invokers.TestInvoker$MethodInvocationAgent.invoke(TestInvoker.java:945)
at org.testng.internal.invokers.TestInvoker.invokeTestMethods(TestInvoker.java:193)
at org.testng.internal.invokers.TestMethodWorker.invokeTestMethods(TestMethodWorker.java:146)
at org.testng.internal.invokers.TestMethodWorker.run(TestMethodWorker.java:128)
at java.base/java.util.concurrent.ThreadPoolExecutor.runWorker(ThreadPoolExecutor.java:1136)
at java.base/java.util.concurrent.ThreadPoolExecutor$Worker.run(ThreadPoolExecutor.java:635)
at java.base/java.lang.Thread.run(Thread.java:842)
]]>
    </error>
  </testcase> <!-- setUp -->
  <system-out/>
  <testcase classname="com.browserstack.FirstTest" name="tearDown" time="0.019">
    <error message="Cannot invoke &quot;io.appium.java_client.android.AndroidDriver.quit()&quot; because &quot;this.driver&quot; is null" type="java.lang.NullPointerException">
      <![CDATA[java.lang.NullPointerException: Cannot invoke "io.appium.java_client.android.AndroidDriver.quit()" because "this.driver" is null
at com.browserstack.AppiumTest.tearDown(AppiumTest.java:68)
at java.base/jdk.internal.reflect.NativeMethodAccessorImpl.invoke0(Native Method)
at java.base/jdk.internal.reflect.NativeMethodAccessorImpl.invoke(NativeMethodAccessorImpl.java:77)
at java.base/jdk.internal.reflect.DelegatingMethodAccessorImpl.invoke(DelegatingMethodAccessorImpl.java:43)
at java.base/java.lang.reflect.Method.invoke(Method.java:568)
at org.testng.internal.invokers.MethodInvocationHelper.invokeMethod(MethodInvocationHelper.java:135)
at org.testng.internal.invokers.MethodInvocationHelper.invokeMethodConsideringTimeout(MethodInvocationHelper.java:65)
at org.testng.internal.invokers.ConfigInvoker.invokeConfigurationMethod(ConfigInvoker.java:381)
at org.testng.internal.invokers.ConfigInvoker.invokeConfigurations(ConfigInvoker.java:319)
at org.testng.internal.invokers.TestInvoker.runConfigMethods(TestInvoker.java:803)
at org.testng.internal.invokers.TestInvoker.runAfterConfigurations(TestInvoker.java:772)
at org.testng.internal.invokers.TestInvoker.invokeMethod(TestInvoker.java:612)
at org.testng.internal.invokers.TestInvoker.invokeTestMethod(TestInvoker.java:220)
at org.testng.internal.invokers.MethodRunner.runInSequence(MethodRunner.java:50)
at org.testng.internal.invokers.TestInvoker$MethodInvocationAgent.invoke(TestInvoker.java:945)
at org.testng.internal.invokers.TestInvoker.invokeTestMethods(TestInvoker.java:193)
at org.testng.internal.invokers.TestMethodWorker.invokeTestMethods(TestMethodWorker.java:146)
at org.testng.internal.invokers.TestMethodWorker.run(TestMethodWorker.java:128)
at java.base/java.util.concurrent.ThreadPoolExecutor.runWorker(ThreadPoolExecutor.java:1136)
at java.base/java.util.concurrent.ThreadPoolExecutor$Worker.run(ThreadPoolExecutor.java:635)
at java.base/java.lang.Thread.run(Thread.java:842)
]]>
    </error>
  </testcase> <!-- tearDown -->
  <system-out/>
  <testcase classname="com.browserstack.FirstTest" name="setUp" time="2.639">
    <error message="Could not start a new session. Response code 401. Message: Invalid username or password 
Host info: host: &#039;DESKTOP-GO5J5M6&#039;, ip: &#039;192.168.0.32&#039;
Build info: version: &#039;4.13.0&#039;, revision: &#039;ba948ece5b*&#039;
System info: os.name: &#039;Windows 10&#039;, os.arch: &#039;amd64&#039;, os.version: &#039;10.0&#039;, java.version: &#039;17.0.9&#039;
Driver info: io.appium.java_client.android.AndroidDriver
Command: [null, newSession {capabilities=[{appium:device=Samsung Galaxy S8, platformName=ANDROID}], desiredCapabilities=Capabilities {device: Samsung Galaxy S8, platformName: ANDROID}}]
Capabilities {device: Samsung Galaxy S8, platformName: ANDROID}" type="org.openqa.selenium.SessionNotCreatedException">
      <![CDATA[org.openqa.selenium.SessionNotCreatedException: Could not start a new session. Response code 401. Message: Invalid username or password 
Host info: host: 'DESKTOP-GO5J5M6', ip: '192.168.0.32'
Build info: version: '4.13.0', revision: 'ba948ece5b*'
System info: os.name: 'Windows 10', os.arch: 'amd64', os.version: '10.0', java.version: '17.0.9'
Driver info: io.appium.java_client.android.AndroidDriver
Command: [null, newSession {capabilities=[{appium:device=Samsung Galaxy S8, platformName=ANDROID}], desiredCapabilities=Capabilities {device: Samsung Galaxy S8, platformName: ANDROID}}]
Capabilities {device: Samsung Galaxy S8, platformName: ANDROID}
at org.openqa.selenium.remote.ProtocolHandshake.createSession(ProtocolHandshake.java:140)
at java.base/jdk.internal.reflect.NativeMethodAccessorImpl.invoke0(Native Method)
at java.base/jdk.internal.reflect.NativeMethodAccessorImpl.invoke(NativeMethodAccessorImpl.java:77)
at java.base/jdk.internal.reflect.DelegatingMethodAccessorImpl.invoke(DelegatingMethodAccessorImpl.java:43)
at java.base/java.lang.reflect.Method.invoke(Method.java:568)
at io.appium.java_client.remote.AppiumProtocolHandshake.createSession(AppiumProtocolHandshake.java:133)
at io.appium.java_client.remote.AppiumProtocolHandshake.createSession(AppiumProtocolHandshake.java:102)
at io.appium.java_client.remote.AppiumCommandExecutor.createSession(AppiumCommandExecutor.java:194)
at io.appium.java_client.remote.AppiumCommandExecutor.execute(AppiumCommandExecutor.java:262)
at org.openqa.selenium.remote.RemoteWebDriver.execute(RemoteWebDriver.java:602)
at io.appium.java_client.AppiumDriver.startSession(AppiumDriver.java:229)
at org.openqa.selenium.remote.RemoteWebDriver.<init>(RemoteWebDriver.java:163)
at io.appium.java_client.AppiumDriver.<init>(AppiumDriver.java:80)
at io.appium.java_client.AppiumDriver.<init>(AppiumDriver.java:92)
at io.appium.java_client.android.AndroidDriver.<init>(AndroidDriver.java:117)
at com.browserstack.AppiumTest.setUp(AppiumTest.java:52)
at java.base/jdk.internal.reflect.NativeMethodAccessorImpl.invoke0(Native Method)
at java.base/jdk.internal.reflect.NativeMethodAccessorImpl.invoke(NativeMethodAccessorImpl.java:77)
at java.base/jdk.internal.reflect.DelegatingMethodAccessorImpl.invoke(DelegatingMethodAccessorImpl.java:43)
at java.base/java.lang.reflect.Method.invoke(Method.java:568)
at org.testng.internal.invokers.MethodInvocationHelper.invokeMethod(MethodInvocationHelper.java:135)
at org.testng.internal.invokers.MethodInvocationHelper.invokeMethodConsideringTimeout(MethodInvocationHelper.java:65)
at org.testng.internal.invokers.ConfigInvoker.invokeConfigurationMethod(ConfigInvoker.java:381)
at org.testng.internal.invokers.ConfigInvoker.invokeConfigurations(ConfigInvoker.java:319)
at org.testng.internal.invokers.TestInvoker.runConfigMethods(TestInvoker.java:803)
at org.testng.internal.invokers.TestInvoker.invokeMethod(TestInvoker.java:589)
at org.testng.internal.invokers.TestInvoker.invokeTestMethod(TestInvoker.java:220)
at org.testng.internal.invokers.MethodRunner.runInSequence(MethodRunner.java:50)
at org.testng.internal.invokers.TestInvoker$MethodInvocationAgent.invoke(TestInvoker.java:945)
at org.testng.internal.invokers.TestInvoker.invokeTestMethods(TestInvoker.java:193)
at org.testng.internal.invokers.TestMethodWorker.invokeTestMethods(TestMethodWorker.java:146)
at org.testng.internal.invokers.TestMethodWorker.run(TestMethodWorker.java:128)
at java.base/java.util.concurrent.ThreadPoolExecutor.runWorker(ThreadPoolExecutor.java:1136)
at java.base/java.util.concurrent.ThreadPoolExecutor$Worker.run(ThreadPoolExecutor.java:635)
at java.base/java.lang.Thread.run(Thread.java:842)
]]>
    </error>
  </testcase> <!-- setUp -->
  <system-out/>
  <testcase classname="com.browserstack.FirstTest" name="tearDown" time="0.021">
    <error message="Cannot invoke &quot;io.appium.java_client.android.AndroidDriver.quit()&quot; because &quot;this.driver&quot; is null" type="java.lang.NullPointerException">
      <![CDATA[java.lang.NullPointerException: Cannot invoke "io.appium.java_client.android.AndroidDriver.quit()" because "this.driver" is null
at com.browserstack.AppiumTest.tearDown(AppiumTest.java:68)
at java.base/jdk.internal.reflect.NativeMethodAccessorImpl.invoke0(Native Method)
at java.base/jdk.internal.reflect.NativeMethodAccessorImpl.invoke(NativeMethodAccessorImpl.java:77)
at java.base/jdk.internal.reflect.DelegatingMethodAccessorImpl.invoke(DelegatingMethodAccessorImpl.java:43)
at java.base/java.lang.reflect.Method.invoke(Method.java:568)
at org.testng.internal.invokers.MethodInvocationHelper.invokeMethod(MethodInvocationHelper.java:135)
at org.testng.internal.invokers.MethodInvocationHelper.invokeMethodConsideringTimeout(MethodInvocationHelper.java:65)
at org.testng.internal.invokers.ConfigInvoker.invokeConfigurationMethod(ConfigInvoker.java:381)
at org.testng.internal.invokers.ConfigInvoker.invokeConfigurations(ConfigInvoker.java:319)
at org.testng.internal.invokers.TestInvoker.runConfigMethods(TestInvoker.java:803)
at org.testng.internal.invokers.TestInvoker.runAfterConfigurations(TestInvoker.java:772)
at org.testng.internal.invokers.TestInvoker.invokeMethod(TestInvoker.java:612)
at org.testng.internal.invokers.TestInvoker.invokeTestMethod(TestInvoker.java:220)
at org.testng.internal.invokers.MethodRunner.runInSequence(MethodRunner.java:50)
at org.testng.internal.invokers.TestInvoker$MethodInvocationAgent.invoke(TestInvoker.java:945)
at org.testng.internal.invokers.TestInvoker.invokeTestMethods(TestInvoker.java:193)
at org.testng.internal.invokers.TestMethodWorker.invokeTestMethods(TestMethodWorker.java:146)
at org.testng.internal.invokers.TestMethodWorker.run(TestMethodWorker.java:128)
at java.base/java.util.concurrent.ThreadPoolExecutor.runWorker(ThreadPoolExecutor.java:1136)
at java.base/java.util.concurrent.ThreadPoolExecutor$Worker.run(ThreadPoolExecutor.java:635)
at java.base/java.lang.Thread.run(Thread.java:842)
]]>
    </error>
  </testcase> <!-- tearDown -->
  <system-out/>
  <testcase classname="com.browserstack.FirstTest" name="testA" time="0.001">
    <skipped/>
  </testcase> <!-- testA -->
  <system-out/>
</testsuite> <!-- com.browserstack.FirstTest -->
