<?xml version="1.0" encoding="UTF-8"?>
<!-- Generated by org.testng.reporters.JUnitReportReporter -->
<testsuite hostname="DESKTOP-GO5J5M6" failures="0" tests="6" name="com.browserstack.FirstTest" time="260.074" errors="0" timestamp="2023-11-10T10:09:18 CST" skipped="0">
  <testcase classname="com.browserstack.FirstTest" name="testA" time="22.666"/>
  <system-out/>
  <testcase classname="com.browserstack.FirstTest" name="testA" time="23.332"/>
  <system-out/>
  <testcase classname="com.browserstack.FirstTest" name="navigateTest" time="61.563"/>
  <system-out/>
  <testcase classname="com.browserstack.FirstTest" name="navigateTest" time="62.942"/>
  <system-out/>
  <testcase classname="com.browserstack.FirstTest" name="navigateTest" time="65.853"/>
  <system-out/>
  <testcase classname="com.browserstack.FirstTest" name="testA" time="23.718"/>
  <system-out/>
</testsuite> <!-- com.browserstack.FirstTest -->
