<?xml version="1.0" encoding="UTF-8"?>
<!-- Generated by org.testng.reporters.JUnitReportReporter -->
<testsuite hostname="DESKTOP-GO5J5M6" failures="0" tests="3" name="com.browserstack.FirstTest" time="95.591" errors="0" timestamp="2023-11-09T15:18:02 CST" skipped="0">
  <testcase classname="com.browserstack.FirstTest" name="test" time="41.128"/>
  <system-out/>
  <testcase classname="com.browserstack.FirstTest" name="test" time="30.524"/>
  <system-out/>
  <testcase classname="com.browserstack.FirstTest" name="test" time="23.939"/>
  <system-out/>
</testsuite> <!-- com.browserstack.FirstTest -->
