<?xml version="1.0" encoding="UTF-8"?>
<!-- Generated by org.testng.reporters.JUnitReportReporter -->
<testsuite hostname="DESKTOP-GO5J5M6" failures="0" tests="3" name="appium.AppiumNewTest" time="126.061" errors="0" timestamp="2023-11-10T12:36:47 CST" skipped="0">
  <testcase classname="appium.AppiumNewTest" name="main" time="42.222"/>
  <system-out/>
  <testcase classname="appium.AppiumNewTest" name="main" time="44.554"/>
  <system-out/>
  <testcase classname="appium.AppiumNewTest" name="main" time="39.285"/>
  <system-out/>
</testsuite> <!-- appium.AppiumNewTest -->
